<testConfig>
    <deployConfig>deploy-vcenter-network.xml</deployConfig>
    <deployConfigTemplate>deploy.tmpt</deployConfigTemplate>
    <!-- suite special test variables -->
    <pingTestTarget>zstack.yyk.net</pingTestTarget>
</testConfig>
